#
# A fatal error has been detected by the Java Runtime Environment:
#
#  SIGSEGV (0xb) at pc=0x00007fe9d7959060, pid=20332, tid=140643163150080
#
# JRE version: Java(TM) SE Runtime Environment (8.0_25-b17) (build 1.8.0_25-b17)
# Java VM: Java HotSpot(TM) 64-Bit Server VM (25.25-b02 mixed mode linux-amd64 compressed oops)
# Problematic frame:
# C  0x00007fe9d7959060
#
# Failed to write core dump. Core dumps have been disabled. To enable core dumping, try "ulimit -c unlimited" before starting Java again
#
# If you would like to submit a bug report, please visit:
#   http://bugreport.sun.com/bugreport/crash.jsp
#

---------------  T H R E A D  ---------------

Current thread (0x0000000002618000):  JavaThread "qtp843189721-24" [_thread_in_Java, id=20406, stack(0x00007fea09b79000,0x00007fea09c7a000)]

siginfo: si_signo: 11 (SIGSEGV), si_code: 1 (SEGV_MAPERR), si_addr: 0x00007fe9d7959060

Registers:
RAX=0x00007fea0dc94558, RBX=0x00007fea0dc94558, RCX=0x000000004ba45f5e, RDX=0x000000005055430a
RSP=0x00007fea09c75278, RBP=0x00007fea09c752e8, RSI=0x00000000da8ec9c1, RDI=0x000000004764e0ed
R8 =0x0000000000000000, R9 =0x000000000000000c, R10=0x00007fea274ba440, R11=0x00007fea16ccb2a0
R12=0x0000000000000000, R13=0x00007fea09c75288, R14=0x00007fea09c75360, R15=0x0000000002618000
RIP=0x00007fe9d7959060, EFLAGS=0x0000000000010202, CSGSFS=0x0000000000000033, ERR=0x0000000000000014
  TRAPNO=0x000000000000000e

Top of Stack: (sp=0x00007fea09c75278)
0x00007fea09c75278:   00007fea1695b3d0 00007fea1695b3d0
0x00007fea09c75288:   000000004ba45f5e 000000005055430a
0x00007fea09c75298:   00000000da8ec9c1 00000000c861b01c
0x00007fea09c752a8:   00007fea09c752a8 00007fea0dc94af3
0x00007fea09c752b8:   00007fea09c75360 00007fea0dc94f08
0x00007fea09c752c8:   0000000000000000 00007fea0dc94bc8
0x00007fea09c752d8:   00007fea09c75288 00007fea09c75350
0x00007fea09c752e8:   00007fea09c753a8 00007fea1695b98d
0x00007fea09c752f8:   000000005f176b95 0000000081d20cb7
0x00007fea09c75308:   0000000000000004 00000000502c2609
0x00007fea09c75318:   000000004ba45f5e 000000005055430a
0x00007fea09c75328:   00000000da8ec9c1 000000006fc4ca20
0x00007fea09c75338:   00000000bf4be527 00000000f4eec32f
0x00007fea09c75348:   00000000e0e9784c 0000000000000700
0x00007fea09c75358:   00000000d6aa5a28 00000000d6acb508
0x00007fea09c75368:   00007fea09c75368 00007fea15310c63
0x00007fea09c75378:   00007fea09c753d8 00007fea15311270
0x00007fea09c75388:   0000000000000000 00007fea15310ca8
0x00007fea09c75398:   00007fea09c75350 00007fea09c753c0
0x00007fea09c753a8:   00007fea09c75420 00007fea1695b98d
0x00007fea09c753b8:   0000000000000000 00000000000001db
0x00007fea09c753c8:   0000000000000700 00000000d6aa5a28
0x00007fea09c753d8:   00000000d6acb508 00007fea09c753e0
0x00007fea09c753e8:   00007fea15311f2f 00007fea09c75448
0x00007fea09c753f8:   00007fea15312218 0000000000000000
0x00007fea09c75408:   00007fea15311f40 00007fea09c753c0
0x00007fea09c75418:   00007fea09c75430 00007fea09c75490
0x00007fea09c75428:   00007fea1695b98d 00000000000008db
0x00007fea09c75438:   0000000000000000 00000000d6aa5a28
0x00007fea09c75448:   00000000d6acb708 00007fea09c75450
0x00007fea09c75458:   00007fea1530da8c 00007fea09c754b8
0x00007fea09c75468:   00007fea1530f290 0000000000000000 

Instructions: (pc=0x00007fe9d7959060)
0x00007fe9d7959040:   
[error occurred during error reporting (printing registers, top of stack, instructions near pc), id 0xb]

Register to memory mapping:

RAX={method} {0x00007fea0dc94558} 'lf_ch' '(III)I' in 'sun/security/provider/SHA2'
RBX={method} {0x00007fea0dc94558} 'lf_ch' '(III)I' in 'sun/security/provider/SHA2'
RCX=0x000000004ba45f5e is an unknown value
RDX=0x000000005055430a is an unknown value
RSP=0x00007fea09c75278 is pointing into the stack for thread: 0x0000000002618000
RBP=0x00007fea09c752e8 is pointing into the stack for thread: 0x0000000002618000
RSI=0x00000000da8ec9c1 is an unallocated location in the heap
RDI=0x000000004764e0ed is an unknown value
R8 =0x0000000000000000 is an unknown value
R9 =0x000000000000000c is an unknown value
R10=0x00007fea274ba440: <offset 0xf5c440> in /gpfs/main/research/java/linux/jdk1.8.0_25/jre/lib/amd64/server/libjvm.so at 0x00007fea2655e000
R11=0x00007fea16ccb2a0 is at entry_point+0 in (nmethod*)0x00007fea16ccb150
R12=0x0000000000000000 is an unknown value
R13=0x00007fea09c75288 is pointing into the stack for thread: 0x0000000002618000
R14=0x00007fea09c75360 is pointing into the stack for thread: 0x0000000002618000
R15=0x0000000002618000 is a thread


Stack: [0x00007fea09b79000,0x00007fea09c7a000],  sp=0x00007fea09c75278,  free space=1008k
Native frames: (J=compiled Java code, j=interpreted, Vv=VM code, C=native code)
C  0x00007fe9d7959060
j  sun.security.provider.DigestBase.engineUpdate([BII)V+147
j  java.security.MessageDigest$Delegate.engineUpdate([BII)V+7
j  java.security.MessageDigest.update([BII)V+36
j  sun.security.rsa.RSASignature.engineUpdate([BII)V+7
j  java.security.Signature$Delegate.engineUpdate([BII)V+11
j  java.security.Signature.update([BII)V+70
j  java.security.Signature.update([B)V+5
j  sun.security.pkcs.SignerInfo.verify(Lsun/security/pkcs/PKCS7;[B)Lsun/security/pkcs/SignerInfo;+335
j  sun.security.pkcs.PKCS7.verify(Lsun/security/pkcs/SignerInfo;[B)Lsun/security/pkcs/SignerInfo;+3
j  sun.security.pkcs.PKCS7.verify([B)[Lsun/security/pkcs/SignerInfo;+27
j  sun.security.util.SignatureFileVerifier.processImpl(Ljava/util/Hashtable;Ljava/util/List;)V+59
j  sun.security.util.SignatureFileVerifier.process(Ljava/util/Hashtable;Ljava/util/List;)V+9
j  java.util.jar.JarVerifier.processEntry(Lsun/security/util/ManifestEntryVerifier;)V+384
j  java.util.jar.JarVerifier.update(I[BIILsun/security/util/ManifestEntryVerifier;)V+39
j  java.util.jar.JarFile.initializeVerifier()V+143
J 501 C1 java.util.jar.JarFile.getInputStream(Ljava/util/zip/ZipEntry;)Ljava/io/InputStream; (89 bytes) @ 0x00007fea16badfd4 [0x00007fea16badde0+0x1f4]
J 364 C1 sun.misc.URLClassPath$JarLoader$2.getInputStream()Ljava/io/InputStream; (15 bytes) @ 0x00007fea16b39154 [0x00007fea16b39040+0x114]
J 451 C1 java.net.URLClassLoader.defineClass(Ljava/lang/String;Lsun/misc/Resource;)Ljava/lang/Class; (224 bytes) @ 0x00007fea16b86094 [0x00007fea16b85640+0xa54]
J 281 C1 java.net.URLClassLoader$1.run()Ljava/lang/Class; (73 bytes) @ 0x00007fea16af751c [0x00007fea16af7260+0x2bc]
J 280 C1 java.net.URLClassLoader$1.run()Ljava/lang/Object; (5 bytes) @ 0x00007fea16af7ccc [0x00007fea16af7c40+0x8c]
v  ~StubRoutines::call_stub
V  [libjvm.so+0x664086]  JavaCalls::call_helper(JavaValue*, methodHandle*, JavaCallArguments*, Thread*)+0x1056
V  [libjvm.so+0x6f8fec]  JVM_DoPrivileged+0x27c
J 279  java.security.AccessController.doPrivileged(Ljava/security/PrivilegedExceptionAction;Ljava/security/AccessControlContext;)Ljava/lang/Object; (0 bytes) @ 0x00007fea16af80d5 [0x00007fea16af8000+0xd5]
J 218 C1 java.net.URLClassLoader.findClass(Ljava/lang/String;)Ljava/lang/Class; (29 bytes) @ 0x00007fea16ac69e4 [0x00007fea16ac6860+0x184]
J 152 C1 java.lang.ClassLoader.loadClass(Ljava/lang/String;Z)Ljava/lang/Class; (122 bytes) @ 0x00007fea16aa5c7c [0x00007fea16aa5320+0x95c]
J 152 C1 java.lang.ClassLoader.loadClass(Ljava/lang/String;Z)Ljava/lang/Class; (122 bytes) @ 0x00007fea16aa5a24 [0x00007fea16aa5320+0x704]
J 258 C1 sun.misc.Launcher$AppClassLoader.loadClass(Ljava/lang/String;Z)Ljava/lang/Class; (40 bytes) @ 0x00007fea16af116c [0x00007fea16af0d40+0x42c]
J 257 C1 java.lang.ClassLoader.loadClass(Ljava/lang/String;)Ljava/lang/Class; (7 bytes) @ 0x00007fea16af1784 [0x00007fea16af1680+0x104]
j  sun.security.jca.ProviderConfig$2.run()Ljava/security/Provider;+50
j  sun.security.jca.ProviderConfig$2.run()Ljava/lang/Object;+1
v  ~StubRoutines::call_stub
V  [libjvm.so+0x664086]  JavaCalls::call_helper(JavaValue*, methodHandle*, JavaCallArguments*, Thread*)+0x1056
V  [libjvm.so+0x6f8fec]  JVM_DoPrivileged+0x27c
J 724  java.security.AccessController.doPrivileged(Ljava/security/PrivilegedAction;)Ljava/lang/Object; (0 bytes) @ 0x00007fea16c376bf [0x00007fea16c37600+0xbf]
j  sun.security.jca.ProviderConfig.doLoadProvider()Ljava/security/Provider;+8
j  sun.security.jca.ProviderConfig.getProvider()Ljava/security/Provider;+88
j  sun.security.jca.ProviderList.getProvider(I)Ljava/security/Provider;+6
j  sun.security.jca.ProviderList.getService(Ljava/lang/String;Ljava/lang/String;)Ljava/security/Provider$Service;+13
j  sun.security.jca.GetInstance.getInstance(Ljava/lang/String;Ljava/lang/Class;Ljava/lang/String;)Lsun/security/jca/GetInstance$Instance;+7
j  javax.net.ssl.SSLContext.getInstance(Ljava/lang/String;)Ljavax/net/ssl/SSLContext;+5
j  javax.net.ssl.SSLContext.getDefault()Ljavax/net/ssl/SSLContext;+8
j  javax.net.ssl.SSLSocketFactory.getDefault()Ljavax/net/SocketFactory;+164
j  javax.net.ssl.HttpsURLConnection.getDefaultSSLSocketFactory()Ljavax/net/ssl/SSLSocketFactory;+6
j  javax.net.ssl.HttpsURLConnection.<init>(Ljava/net/URL;)V+13
j  sun.net.www.protocol.https.HttpsURLConnectionImpl.<init>(Ljava/net/URL;Ljava/net/Proxy;Lsun/net/www/protocol/https/Handler;)V+2
j  sun.net.www.protocol.https.Handler.openConnection(Ljava/net/URL;Ljava/net/Proxy;)Ljava/net/URLConnection;+7
j  sun.net.www.protocol.https.Handler.openConnection(Ljava/net/URL;)Ljava/net/URLConnection;+6
j  java.net.URL.openConnection()Ljava/net/URLConnection;+5
j  edu.brown.cs.rmchandr.APICalls.ServerCalls.authorize(Ljava/lang/String;)Ljava/util/HashMap;+13
j  edu.brown.cs.andrew.handlers.SparkHandler$CodeHandler.handle(Lspark/Request;Lspark/Response;)Lspark/ModelAndView;+31
j  spark.TemplateViewRouteImpl$1.handle(Lspark/Request;Lspark/Response;)Ljava/lang/Object;+6
j  spark.webserver.MatcherFilter.doFilter(Ljavax/servlet/ServletRequest;Ljavax/servlet/ServletResponse;Ljavax/servlet/FilterChain;)V+370
j  spark.webserver.JettyHandler.doHandle(Ljava/lang/String;Lorg/eclipse/jetty/server/Request;Ljavax/servlet/http/HttpServletRequest;Ljavax/servlet/http/HttpServletResponse;)V+22
j  org.eclipse.jetty.server.session.SessionHandler.doScope(Ljava/lang/String;Lorg/eclipse/jetty/server/Request;Ljavax/servlet/http/HttpServletRequest;Ljavax/servlet/http/HttpServletResponse;)V+267
j  org.eclipse.jetty.server.handler.ScopedHandler.handle(Ljava/lang/String;Lorg/eclipse/jetty/server/Request;Ljavax/servlet/http/HttpServletRequest;Ljavax/servlet/http/HttpServletResponse;)V+20
j  org.eclipse.jetty.server.handler.HandlerList.handle(Ljava/lang/String;Lorg/eclipse/jetty/server/Request;Ljavax/servlet/http/HttpServletRequest;Ljavax/servlet/http/HttpServletResponse;)V+39
j  org.eclipse.jetty.server.handler.HandlerWrapper.handle(Ljava/lang/String;Lorg/eclipse/jetty/server/Request;Ljavax/servlet/http/HttpServletRequest;Ljavax/servlet/http/HttpServletResponse;)V+23
j  org.eclipse.jetty.server.Server.handle(Lorg/eclipse/jetty/server/HttpChannel;)V+118
j  org.eclipse.jetty.server.HttpChannel.run()V+204
j  org.eclipse.jetty.server.HttpConnection.onFillable()V+284
j  org.eclipse.jetty.io.AbstractConnection$ReadCallback.run()V+23
j  org.eclipse.jetty.util.thread.QueuedThreadPool.runJob(Ljava/lang/Runnable;)V+1
j  org.eclipse.jetty.util.thread.QueuedThreadPool$3.run()V+73
j  java.lang.Thread.run()V+11
v  ~StubRoutines::call_stub
V  [libjvm.so+0x664086]  JavaCalls::call_helper(JavaValue*, methodHandle*, JavaCallArguments*, Thread*)+0x1056
V  [libjvm.so+0x664591]  JavaCalls::call_virtual(JavaValue*, KlassHandle, Symbol*, Symbol*, JavaCallArguments*, Thread*)+0x321
V  [libjvm.so+0x664a37]  JavaCalls::call_virtual(JavaValue*, Handle, KlassHandle, Symbol*, Symbol*, Thread*)+0x47
V  [libjvm.so+0x6dee3e]  thread_entry(JavaThread*, Thread*)+0x7e
V  [libjvm.so+0xa29e8f]  JavaThread::thread_main_inner()+0xdf
V  [libjvm.so+0xa29fbc]  JavaThread::run()+0x11c
V  [libjvm.so+0x8e7d48]  java_start(Thread*)+0x108
C  [libpthread.so.0+0x6b50]  start_thread+0xd0


---------------  P R O C E S S  ---------------

Java Threads: ( => current thread )
  0x00007fea041e7800 JavaThread "process reaper" daemon [_thread_blocked, id=20454, stack(0x00007fea1403b000,0x00007fea14074000)]
  0x00000000025fe800 JavaThread "qtp843189721-28" [_thread_blocked, id=20410, stack(0x00007fea09775000,0x00007fea09876000)]
  0x00000000027ea000 JavaThread "qtp843189721-26" [_thread_blocked, id=20408, stack(0x00007fea09977000,0x00007fea09a78000)]
  0x0000000002614800 JavaThread "qtp843189721-25" [_thread_blocked, id=20407, stack(0x00007fea09a78000,0x00007fea09b79000)]
=>0x0000000002618000 JavaThread "qtp843189721-24" [_thread_in_Java, id=20406, stack(0x00007fea09b79000,0x00007fea09c7a000)]
  0x0000000002317000 JavaThread "Scheduler-824132916" [_thread_blocked, id=20403, stack(0x00007fea0de06000,0x00007fea0df07000)]
  0x0000000002739800 JavaThread "HashSessionScavenger-0" daemon [_thread_blocked, id=20362, stack(0x00007fea0e52f000,0x00007fea0e630000)]
  0x0000000002735800 JavaThread "qtp843189721-21" [_thread_blocked, id=20361, stack(0x00007fea0e630000,0x00007fea0e731000)]
  0x0000000002733800 JavaThread "qtp843189721-20" [_thread_blocked, id=20360, stack(0x00007fea0e731000,0x00007fea0e832000)]
  0x0000000002731800 JavaThread "qtp843189721-19-acceptor-1-ServerConnector@550e935d{HTTP/1.1}{0.0.0.0:1234}" [_thread_blocked, id=20359, stack(0x00007fea0e832000,0x00007fea0e933000)]
  0x000000000272f800 JavaThread "qtp843189721-18-selector-1" [_thread_in_native, id=20358, stack(0x00007fea0e933000,0x00007fea0ea34000)]
  0x000000000272e000 JavaThread "qtp843189721-17-acceptor-0-ServerConnector@550e935d{HTTP/1.1}{0.0.0.0:1234}" [_thread_in_native, id=20357, stack(0x00007fea0ea34000,0x00007fea0eb35000)]
  0x000000000272c000 JavaThread "qtp843189721-16-selector-3" [_thread_in_native, id=20356, stack(0x00007fea0eb35000,0x00007fea0ec36000)]
  0x000000000272a000 JavaThread "qtp843189721-15-selector-2" [_thread_in_native, id=20355, stack(0x00007fea0ec36000,0x00007fea0ed37000)]
  0x0000000002728800 JavaThread "qtp843189721-14-selector-0" [_thread_in_native, id=20354, stack(0x00007fea0ed37000,0x00007fea0ee38000)]
  0x000000000271c800 JavaThread "DateCache" daemon [_thread_blocked, id=20353, stack(0x00007fea0ee38000,0x00007fea0ef39000)]
  0x00007fea04020000 JavaThread "DestroyJavaVM" [_thread_blocked, id=20337, stack(0x00007fea27f83000,0x00007fea28084000)]
  0x00007fea04025000 JavaThread "Thread-1" [_thread_blocked, id=20352, stack(0x00007fea0ef39000,0x00007fea0f03a000)]
  0x0000000002360800 JavaThread "Service Thread" daemon [_thread_blocked, id=20349, stack(0x00007fea0f3f4000,0x00007fea0f4f5000)]
  0x0000000002311000 JavaThread "C1 CompilerThread2" daemon [_thread_blocked, id=20348, stack(0x00007fea0f4f5000,0x00007fea0f5f6000)]
  0x000000000230f000 JavaThread "C2 CompilerThread1" daemon [_thread_blocked, id=20347, stack(0x00007fea0f5f6000,0x00007fea0f6f7000)]
  0x000000000230c000 JavaThread "C2 CompilerThread0" daemon [_thread_blocked, id=20346, stack(0x00007fea0f6f7000,0x00007fea0f7f8000)]
  0x000000000230a000 JavaThread "Signal Dispatcher" daemon [_thread_blocked, id=20345, stack(0x00007fea0f7f8000,0x00007fea0f8f9000)]
  0x00000000022dd000 JavaThread "Finalizer" daemon [_thread_blocked, id=20344, stack(0x00007fea0f8f9000,0x00007fea0f9fa000)]
  0x00000000022db000 JavaThread "Reference Handler" daemon [_thread_blocked, id=20343, stack(0x00007fea0f9fa000,0x00007fea0fafb000)]

Other Threads:
  0x00000000022d4000 VMThread [stack: 0x00007fea0fafb000,0x00007fea0fbfc000] [id=20342]
  0x0000000002363000 WatcherThread [stack: 0x00007fea0f2f3000,0x00007fea0f3f4000] [id=20350]

VM state:not at safepoint (normal execution)

VM Mutex/Monitor currently owned by a thread: None

Heap:
 PSYoungGen      total 37888K, used 11143K [0x00000000d6500000, 0x00000000d8f00000, 0x0000000100000000)
  eden space 32768K, 18% used [0x00000000d6500000,0x00000000d6ae4cf0,0x00000000d8500000)
  from space 5120K, 99% used [0x00000000d8500000,0x00000000d89fd140,0x00000000d8a00000)
  to   space 5120K, 0% used [0x00000000d8a00000,0x00000000d8a00000,0x00000000d8f00000)
 ParOldGen       total 86016K, used 880K [0x0000000082e00000, 0x0000000088200000, 0x00000000d6500000)
  object space 86016K, 1% used [0x0000000082e00000,0x0000000082edc228,0x0000000088200000)
 Metaspace       used 12123K, capacity 12228K, committed 12544K, reserved 1060864K
  class space    used 1409K, capacity 1464K, committed 1536K, reserved 1048576K

Card table byte_map: [0x00007fea161aa000,0x00007fea16594000] byte_map_base: 0x00007fea15d93000

Marking Bits: (ParMarkBitMap*) 0x00007fea274b82c0
 Begin Bits: [0x00007fea09c7a000, 0x00007fea0bbc2000)
 End Bits:   [0x00007fea0bbc2000, 0x00007fea0db0a000)

Polling page: 0x00007fea280bf000

CodeCache: size=245760Kb used=3549Kb max_used=3549Kb free=242210Kb
 bounds [0x00007fea16954000, 0x00007fea16cd4000, 0x00007fea25954000]
 total_blobs=1220 nmethods=850 adapters=286
 compilation: enabled

Compilation events (10 events):
Event: 13.956 Thread 0x0000000002311000 nmethod 847 0x00007fea16ccb450 code [0x00007fea16ccb5a0, 0x00007fea16ccb6f0]
Event: 13.956 Thread 0x0000000002311000  845       3       sun.security.provider.SHA2::lf_delta1 (21 bytes)
Event: 13.956 Thread 0x0000000002311000 nmethod 845 0x00007fea16ccb750 code [0x00007fea16ccb8c0, 0x00007fea16ccbb30]
Event: 13.956 Thread 0x0000000002311000  849       1       sun.security.provider.SHA2::lf_R (4 bytes)
Event: 13.957 Thread 0x0000000002311000 nmethod 849 0x00007fea16ccbc50 code [0x00007fea16ccbda0, 0x00007fea16ccbe90]
Event: 13.957 Thread 0x0000000002311000  848       3       sun.security.provider.SHA2::lf_delta0 (20 bytes)
Event: 13.957 Thread 0x0000000002311000 nmethod 848 0x00007fea16ccbed0 code [0x00007fea16ccc040, 0x00007fea16ccc2b0]
Event: 13.957 Thread 0x0000000002311000  850       1       sun.security.provider.SHA2::lf_ch (10 bytes)
Event: 13.957 Thread 0x0000000002311000 nmethod 850 0x00007fea16ccc3d0 code [0x00007fea16ccc520, 0x00007fea16ccc610]
Event: 13.957 Thread 0x0000000002311000  851       1       sun.security.provider.SHA2::lf_maj (12 bytes)

GC Heap History (2 events):
Event: 6.413 GC heap before
{Heap before GC invocations=1 (full 0):
 PSYoungGen      total 37888K, used 32768K [0x00000000d6500000, 0x00000000d8f00000, 0x0000000100000000)
  eden space 32768K, 100% used [0x00000000d6500000,0x00000000d8500000,0x00000000d8500000)
  from space 5120K, 0% used [0x00000000d8a00000,0x00000000d8a00000,0x00000000d8f00000)
  to   space 5120K, 0% used [0x00000000d8500000,0x00000000d8500000,0x00000000d8a00000)
 ParOldGen       total 86016K, used 0K [0x0000000082e00000, 0x0000000088200000, 0x00000000d6500000)
  object space 86016K, 0% used [0x0000000082e00000,0x0000000082e00000,0x0000000088200000)
 Metaspace       used 11785K, capacity 11844K, committed 11904K, reserved 1060864K
  class space    used 1374K, capacity 1400K, committed 1408K, reserved 1048576K
Event: 6.424 GC heap after
Heap after GC invocations=1 (full 0):
 PSYoungGen      total 37888K, used 5108K [0x00000000d6500000, 0x00000000d8f00000, 0x0000000100000000)
  eden space 32768K, 0% used [0x00000000d6500000,0x00000000d6500000,0x00000000d8500000)
  from space 5120K, 99% used [0x00000000d8500000,0x00000000d89fd140,0x00000000d8a00000)
  to   space 5120K, 0% used [0x00000000d8a00000,0x00000000d8a00000,0x00000000d8f00000)
 ParOldGen       total 86016K, used 880K [0x0000000082e00000, 0x0000000088200000, 0x00000000d6500000)
  object space 86016K, 1% used [0x0000000082e00000,0x0000000082edc228,0x0000000088200000)
 Metaspace       used 11785K, capacity 11844K, committed 11904K, reserved 1060864K
  class space    used 1374K, capacity 1400K, committed 1408K, reserved 1048576K
}

Deoptimization events (0 events):
No events

Internal exceptions (10 events):
Event: 6.404 Thread 0x0000000002735800 Exception <a 'java/security/PrivilegedActionException'> (0x00000000d832fc98) thrown at [/HUDSON/workspace/8-2-build-linux-amd64/jdk8u25/1514/hotspot/src/share/vm/prims/jvm.cpp, line 1312]
Event: 6.405 Thread 0x0000000002735800 Exception <a 'java/security/PrivilegedActionException'> (0x00000000d83346f8) thrown at [/HUDSON/workspace/8-2-build-linux-amd64/jdk8u25/1514/hotspot/src/share/vm/prims/jvm.cpp, line 1312]
Event: 6.406 Thread 0x0000000002735800 Exception <a 'java/security/PrivilegedActionException'> (0x00000000d833c550) thrown at [/HUDSON/workspace/8-2-build-linux-amd64/jdk8u25/1514/hotspot/src/share/vm/prims/jvm.cpp, line 1312]
Event: 6.407 Thread 0x0000000002735800 Exception <a 'java/security/PrivilegedActionException'> (0x00000000d8342288) thrown at [/HUDSON/workspace/8-2-build-linux-amd64/jdk8u25/1514/hotspot/src/share/vm/prims/jvm.cpp, line 1312]
Event: 6.425 Thread 0x0000000002618000 Exception <a 'java/security/PrivilegedActionException'> (0x00000000d6500178) thrown at [/HUDSON/workspace/8-2-build-linux-amd64/jdk8u25/1514/hotspot/src/share/vm/prims/jvm.cpp, line 1312]
Event: 6.428 Thread 0x00000000027ea000 Exception <a 'java/security/PrivilegedActionException'> (0x00000000d65acee0) thrown at [/HUDSON/workspace/8-2-build-linux-amd64/jdk8u25/1514/hotspot/src/share/vm/prims/jvm.cpp, line 1312]
Event: 6.430 Thread 0x00000000027ea000 Exception <a 'java/security/PrivilegedActionException'> (0x00000000d65b4e78) thrown at [/HUDSON/workspace/8-2-build-linux-amd64/jdk8u25/1514/hotspot/src/share/vm/prims/jvm.cpp, line 1312]
Event: 6.431 Thread 0x00000000027ea000 Exception <a 'java/security/PrivilegedActionException'> (0x00000000d65bc200) thrown at [/HUDSON/workspace/8-2-build-linux-amd64/jdk8u25/1514/hotspot/src/share/vm/prims/jvm.cpp, line 1312]
Event: 6.434 Thread 0x00000000022dd000 Exception <a 'java/security/PrivilegedActionException'> (0x00000000d6858a18) thrown at [/HUDSON/workspace/8-2-build-linux-amd64/jdk8u25/1514/hotspot/src/share/vm/prims/jvm.cpp, line 1312]
Event: 13.165 Thread 0x0000000002618000 Exception <a 'java/security/PrivilegedActionException'> (0x00000000d65091d8) thrown at [/HUDSON/workspace/8-2-build-linux-amd64/jdk8u25/1514/hotspot/src/share/vm/prims/jvm.cpp, line 1312]

Events (10 events):
Event: 13.954 loading class java/security/interfaces/DSAKey done
Event: 13.954 loading class java/security/interfaces/DSAPublicKey done
Event: 13.954 loading class sun/security/provider/DSAPublicKey done
Event: 13.954 loading class sun/security/provider/DSAPublicKeyImpl done
Event: 13.955 loading class sun/security/rsa/RSASignature$SHA256withRSA
Event: 13.955 loading class sun/security/rsa/RSASignature$SHA256withRSA done
Event: 13.955 loading class sun/security/provider/SHA2$SHA256
Event: 13.955 loading class sun/security/provider/SHA2
Event: 13.955 loading class sun/security/provider/SHA2 done
Event: 13.955 loading class sun/security/provider/SHA2$SHA256 done


Dynamic libraries:
00400000-00401000 r-xp 00000000 00:16 219609847                          /gpfs/main/research/java/linux/jdk1.8.0_25/bin/java
00600000-00601000 rw-p 00000000 00:16 219609847                          /gpfs/main/research/java/linux/jdk1.8.0_25/bin/java
02260000-02aad000 rw-p 00000000 00:00 0                                  [heap]
82e00000-88200000 rw-p 00000000 00:00 0 
88200000-d6500000 ---p 00000000 00:00 0 
d6500000-d8f00000 rw-p 00000000 00:00 0 
d8f00000-100000000 ---p 00000000 00:00 0 
100000000-100180000 rw-p 00000000 00:00 0 
100180000-140000000 ---p 00000000 00:00 0 
7fea04000000-7fea05330000 rw-p 00000000 00:00 0 
7fea05330000-7fea08000000 ---p 00000000 00:00 0 
7fea09775000-7fea09778000 ---p 00000000 00:00 0 
7fea09778000-7fea09876000 rw-p 00000000 00:00 0 
7fea09876000-7fea09879000 ---p 00000000 00:00 0 
7fea09879000-7fea09977000 rw-p 00000000 00:00 0 
7fea09977000-7fea0997a000 ---p 00000000 00:00 0 
7fea0997a000-7fea09a78000 rw-p 00000000 00:00 0 
7fea09a78000-7fea09a7b000 ---p 00000000 00:00 0 
7fea09a7b000-7fea09b79000 rw-p 00000000 00:00 0 
7fea09b79000-7fea09b7c000 ---p 00000000 00:00 0 
7fea09b7c000-7fea0db0a000 rw-p 00000000 00:00 0 
7fea0dc06000-7fea0dcc6000 rw-p 00000000 00:00 0 
7fea0dcc6000-7fea0de06000 ---p 00000000 00:00 0 
7fea0de06000-7fea0de09000 ---p 00000000 00:00 0 
7fea0de09000-7fea0e107000 rw-p 00000000 00:00 0 
7fea0e107000-7fea0e118000 r-xp 00000000 00:16 198297120                  /gpfs/main/research/java/linux/jdk1.8.0_25/jre/lib/amd64/libnio.so
7fea0e118000-7fea0e317000 ---p 00011000 00:16 198297120                  /gpfs/main/research/java/linux/jdk1.8.0_25/jre/lib/amd64/libnio.so
7fea0e317000-7fea0e318000 rw-p 00010000 00:16 198297120                  /gpfs/main/research/java/linux/jdk1.8.0_25/jre/lib/amd64/libnio.so
7fea0e318000-7fea0e32e000 r-xp 00000000 00:16 198296988                  /gpfs/main/research/java/linux/jdk1.8.0_25/jre/lib/amd64/libnet.so
7fea0e32e000-7fea0e52e000 ---p 00016000 00:16 198296988                  /gpfs/main/research/java/linux/jdk1.8.0_25/jre/lib/amd64/libnet.so
7fea0e52e000-7fea0e52f000 rw-p 00016000 00:16 198296988                  /gpfs/main/research/java/linux/jdk1.8.0_25/jre/lib/amd64/libnet.so
7fea0e52f000-7fea0e532000 ---p 00000000 00:00 0 
7fea0e532000-7fea0e630000 rw-p 00000000 00:00 0 
7fea0e630000-7fea0e633000 ---p 00000000 00:00 0 
7fea0e633000-7fea0e731000 rw-p 00000000 00:00 0 
7fea0e731000-7fea0e734000 ---p 00000000 00:00 0 
7fea0e734000-7fea0e832000 rw-p 00000000 00:00 0 
7fea0e832000-7fea0e835000 ---p 00000000 00:00 0 
7fea0e835000-7fea0e933000 rw-p 00000000 00:00 0 
7fea0e933000-7fea0e936000 ---p 00000000 00:00 0 
7fea0e936000-7fea0ea34000 rw-p 00000000 00:00 0 
7fea0ea34000-7fea0ea37000 ---p 00000000 00:00 0 
7fea0ea37000-7fea0eb35000 rw-p 00000000 00:00 0 
7fea0eb35000-7fea0eb38000 ---p 00000000 00:00 0 
7fea0eb38000-7fea0ec36000 rw-p 00000000 00:00 0 
7fea0ec36000-7fea0ec39000 ---p 00000000 00:00 0 
7fea0ec39000-7fea0ed37000 rw-p 00000000 00:00 0 
7fea0ed37000-7fea0ed3a000 ---p 00000000 00:00 0 
7fea0ed3a000-7fea0ee38000 rw-p 00000000 00:00 0 
7fea0ee38000-7fea0ee3b000 ---p 00000000 00:00 0 
7fea0ee3b000-7fea0ef39000 rw-p 00000000 00:00 0 
7fea0ef39000-7fea0ef3c000 ---p 00000000 00:00 0 
7fea0ef3c000-7fea0f03a000 rw-p 00000000 00:00 0 
7fea0f03a000-7fea0f0ee000 r-xp 00000000 fe:04 5029                       /tmp/sqlite-3.8.7-6905cb97-3bf7-4796-8bfe-2eaefc89d4d2-libsqlitejdbc.so
7fea0f0ee000-7fea0f2ee000 ---p 000b4000 fe:04 5029                       /tmp/sqlite-3.8.7-6905cb97-3bf7-4796-8bfe-2eaefc89d4d2-libsqlitejdbc.so
7fea0f2ee000-7fea0f2f3000 rw-p 000b4000 fe:04 5029                       /tmp/sqlite-3.8.7-6905cb97-3bf7-4796-8bfe-2eaefc89d4d2-libsqlitejdbc.so
7fea0f2f3000-7fea0f2f4000 ---p 00000000 00:00 0 
7fea0f2f4000-7fea0f3f4000 rw-p 00000000 00:00 0 
7fea0f3f4000-7fea0f3f7000 ---p 00000000 00:00 0 
7fea0f3f7000-7fea0f4f5000 rw-p 00000000 00:00 0 
7fea0f4f5000-7fea0f4f8000 ---p 00000000 00:00 0 
7fea0f4f8000-7fea0f5f6000 rw-p 00000000 00:00 0 
7fea0f5f6000-7fea0f5f9000 ---p 00000000 00:00 0 
7fea0f5f9000-7fea0f6f7000 rw-p 00000000 00:00 0 
7fea0f6f7000-7fea0f6fa000 ---p 00000000 00:00 0 
7fea0f6fa000-7fea0f7f8000 rw-p 00000000 00:00 0 
7fea0f7f8000-7fea0f7fb000 ---p 00000000 00:00 0 
7fea0f7fb000-7fea0f8f9000 rw-p 00000000 00:00 0 
7fea0f8f9000-7fea0f8fc000 ---p 00000000 00:00 0 
7fea0f8fc000-7fea0f9fa000 rw-p 00000000 00:00 0 
7fea0f9fa000-7fea0f9fd000 ---p 00000000 00:00 0 
7fea0f9fd000-7fea0fafb000 rw-p 00000000 00:00 0 
7fea0fafb000-7fea0fafc000 ---p 00000000 00:00 0 
7fea0fafc000-7fea10000000 rw-p 00000000 00:00 0 
7fea10000000-7fea104a8000 rw-p 00000000 00:00 0 
7fea104a8000-7fea14000000 ---p 00000000 00:00 0 
7fea14032000-7fea1403b000 rw-p 00000000 00:00 0 
7fea1403b000-7fea1403e000 ---p 00000000 00:00 0 
7fea1403e000-7fea14074000 rw-p 00000000 00:00 0 
7fea14074000-7fea14076000 r--s 0001a000 00:16 198296754                  /gpfs/main/research/java/linux/jdk1.8.0_25/jre/lib/jce.jar
7fea14076000-7fea1407a000 r--s 00093000 00:16 201610623                  /gpfs/main/research/java/linux/jdk1.8.0_25/jre/lib/jsse.jar
7fea1407a000-7fea14096000 r--s 00393000 00:16 249259265                  /gpfs/main/research/java/linux/jdk1.8.0_25/jre/lib/ext/cldrdata.jar
7fea14096000-7fea140a0000 r--s 00116000 00:16 240974896                  /gpfs/main/research/java/linux/jdk1.8.0_25/jre/lib/ext/localedata.jar
7fea140a0000-7fea140a3000 r--s 003c4000 00:15 210398438                  /gpfs/main/home/rmchandr/.m2/repository/org/xerial/sqlite-jdbc/3.8.7/sqlite-jdbc-3.8.7.jar
7fea140a3000-7fea140b4000 r--s 000d3000 00:15 208741598                  /gpfs/main/home/rmchandr/.m2/repository/org/freemarker/freemarker/2.3.19/freemarker-2.3.19.jar
7fea140b4000-7fea140b7000 r--s 00014000 00:15 256668464                  /gpfs/main/home/rmchandr/.m2/repository/org/eclipse/jetty/jetty-security/9.0.2.v20130417/jetty-security-9.0.2.v20130417.jar
7fea140b7000-7fea140b9000 r--s 00018000 00:15 256667700                  /gpfs/main/home/rmchandr/.m2/repository/org/eclipse/jetty/jetty-servlet/9.0.2.v20130417/jetty-servlet-9.0.2.v20130417.jar
7fea140b9000-7fea140bb000 r--s 00009000 00:15 250869438                  /gpfs/main/home/rmchandr/.m2/repository/org/eclipse/jetty/jetty-xml/9.0.2.v20130417/jetty-xml-9.0.2.v20130417.jar
7fea140bb000-7fea140be000 r--s 00019000 00:15 256667692                  /gpfs/main/home/rmchandr/.m2/repository/org/eclipse/jetty/jetty-webapp/9.0.2.v20130417/jetty-webapp-9.0.2.v20130417.jar
7fea140be000-7fea140c1000 r--s 00012000 00:15 256667677                  /gpfs/main/home/rmchandr/.m2/repository/org/eclipse/jetty/jetty-io/9.0.2.v20130417/jetty-io-9.0.2.v20130417.jar
7fea140c1000-7fea140c6000 r--s 0004c000 00:15 256667670                  /gpfs/main/home/rmchandr/.m2/repository/org/eclipse/jetty/jetty-util/9.0.2.v20130417/jetty-util-9.0.2.v20130417.jar
7fea140c6000-7fea140c9000 r--s 00017000 00:15 255840236                  /gpfs/main/home/rmchandr/.m2/repository/org/eclipse/jetty/jetty-http/9.0.2.v20130417/jetty-http-9.0.2.v20130417.jar
7fea140c9000-7fea140cc000 r--s 0002e000 00:15 250869091                  /gpfs/main/home/rmchandr/.m2/repository/org/eclipse/jetty/orbit/javax.servlet/3.0.0.v201112011016/javax.servlet-3.0.0.v201112011016.jar
7fea140cc000-7fea140d1000 r--s 0004d000 00:15 250041108                  /gpfs/main/home/rmchandr/.m2/repository/org/eclipse/jetty/jetty-server/9.0.2.v20130417/jetty-server-9.0.2.v20130417.jar
7fea140d1000-7fea140d6000 r--s 0002f000 00:15 255840198                  /gpfs/main/home/rmchandr/.m2/repository/com/google/code/gson/gson/2.3.1/gson-2.3.1.jar
7fea140d6000-7fea14cd5000 rw-p 00000000 00:00 0 
7fea14cd5000-7fea14eab000 r--s 03caa000 00:16 198297256                  /gpfs/main/research/java/linux/jdk1.8.0_25/jre/lib/rt.jar
7fea14eab000-7fea15b0a000 rw-p 00000000 00:00 0 
7fea15b0a000-7fea15b0b000 ---p 00000000 00:00 0 
7fea15b0b000-7fea15c0b000 rw-p 00000000 00:00 0 
7fea15c0b000-7fea15c0c000 ---p 00000000 00:00 0 
7fea15c0c000-7fea15d0c000 rw-p 00000000 00:00 0 
7fea15d0c000-7fea15d0d000 ---p 00000000 00:00 0 
7fea15d0d000-7fea15e0d000 rw-p 00000000 00:00 0 
7fea15e0d000-7fea15e0e000 ---p 00000000 00:00 0 
7fea15e0e000-7fea15f38000 rw-p 00000000 00:00 0 
7fea15f38000-7fea161aa000 ---p 00000000 00:00 0 
7fea161aa000-7fea161d4000 rw-p 00000000 00:00 0 
7fea161d4000-7fea16445000 ---p 00000000 00:00 0 
7fea16445000-7fea1645b000 rw-p 00000000 00:00 0 
7fea1645b000-7fea16593000 ---p 00000000 00:00 0 
7fea16593000-7fea165a2000 rw-p 00000000 00:00 0 
7fea165a2000-7fea16954000 ---p 00000000 00:00 0 
7fea16954000-7fea16cd4000 rwxp 00000000 00:00 0 
7fea16cd4000-7fea25954000 ---p 00000000 00:00 0 
7fea25954000-7fea2596e000 r-xp 00000000 00:16 198296976                  /gpfs/main/research/java/linux/jdk1.8.0_25/jre/lib/amd64/libzip.so
7fea2596e000-7fea25b6e000 ---p 0001a000 00:16 198296976                  /gpfs/main/research/java/linux/jdk1.8.0_25/jre/lib/amd64/libzip.so
7fea25b6e000-7fea25b6f000 rw-p 0001a000 00:16 198296976                  /gpfs/main/research/java/linux/jdk1.8.0_25/jre/lib/amd64/libzip.so
7fea25b6f000-7fea25c99000 r--s 00000000 00:0e 330540559                  /run/nscd/dbmL0Nqb (deleted)
7fea25c99000-7fea25cc3000 r-xp 00000000 00:16 198296912                  /gpfs/main/research/java/linux/jdk1.8.0_25/jre/lib/amd64/libjava.so
7fea25cc3000-7fea25ec3000 ---p 0002a000 00:16 198296912                  /gpfs/main/research/java/linux/jdk1.8.0_25/jre/lib/amd64/libjava.so
7fea25ec3000-7fea25ec5000 rw-p 0002a000 00:16 198296912                  /gpfs/main/research/java/linux/jdk1.8.0_25/jre/lib/amd64/libjava.so
7fea25ec5000-7fea25ed2000 r-xp 00000000 00:16 198296928                  /gpfs/main/research/java/linux/jdk1.8.0_25/jre/lib/amd64/libverify.so
7fea25ed2000-7fea260d2000 ---p 0000d000 00:16 198296928                  /gpfs/main/research/java/linux/jdk1.8.0_25/jre/lib/amd64/libverify.so
7fea260d2000-7fea260d4000 rw-p 0000d000 00:16 198296928                  /gpfs/main/research/java/linux/jdk1.8.0_25/jre/lib/amd64/libverify.so
7fea260d4000-7fea260db000 r-xp 00000000 fe:00 2641                       /lib/x86_64-linux-gnu/librt-2.13.so
7fea260db000-7fea262da000 ---p 00007000 fe:00 2641                       /lib/x86_64-linux-gnu/librt-2.13.so
7fea262da000-7fea262db000 r--p 00006000 fe:00 2641                       /lib/x86_64-linux-gnu/librt-2.13.so
7fea262db000-7fea262dc000 rw-p 00007000 fe:00 2641                       /lib/x86_64-linux-gnu/librt-2.13.so
7fea262dc000-7fea2635d000 r-xp 00000000 fe:00 2362                       /lib/x86_64-linux-gnu/libm-2.13.so
7fea2635d000-7fea2655c000 ---p 00081000 fe:00 2362                       /lib/x86_64-linux-gnu/libm-2.13.so
7fea2655c000-7fea2655d000 r--p 00080000 fe:00 2362                       /lib/x86_64-linux-gnu/libm-2.13.so
7fea2655d000-7fea2655e000 rw-p 00081000 fe:00 2362                       /lib/x86_64-linux-gnu/libm-2.13.so
7fea2655e000-7fea271cb000 r-xp 00000000 00:16 198297039                  /gpfs/main/research/java/linux/jdk1.8.0_25/jre/lib/amd64/server/libjvm.so
7fea271cb000-7fea273ca000 ---p 00c6d000 00:16 198297039                  /gpfs/main/research/java/linux/jdk1.8.0_25/jre/lib/amd64/server/libjvm.so
7fea273ca000-7fea274a0000 rw-p 00c6c000 00:16 198297039                  /gpfs/main/research/java/linux/jdk1.8.0_25/jre/lib/amd64/server/libjvm.so
7fea274a0000-7fea274e3000 rw-p 00000000 00:00 0 
7fea274e3000-7fea27664000 r-xp 00000000 fe:00 2483                       /lib/x86_64-linux-gnu/libc-2.13.so
7fea27664000-7fea27864000 ---p 00181000 fe:00 2483                       /lib/x86_64-linux-gnu/libc-2.13.so
7fea27864000-7fea27868000 r--p 00181000 fe:00 2483                       /lib/x86_64-linux-gnu/libc-2.13.so
7fea27868000-7fea27869000 rw-p 00185000 fe:00 2483                       /lib/x86_64-linux-gnu/libc-2.13.so
7fea27869000-7fea2786e000 rw-p 00000000 00:00 0 
7fea2786e000-7fea27870000 r-xp 00000000 fe:00 2546                       /lib/x86_64-linux-gnu/libdl-2.13.so
7fea27870000-7fea27a70000 ---p 00002000 fe:00 2546                       /lib/x86_64-linux-gnu/libdl-2.13.so
7fea27a70000-7fea27a71000 r--p 00002000 fe:00 2546                       /lib/x86_64-linux-gnu/libdl-2.13.so
7fea27a71000-7fea27a72000 rw-p 00003000 fe:00 2546                       /lib/x86_64-linux-gnu/libdl-2.13.so
7fea27a72000-7fea27a87000 r-xp 00000000 00:16 100859497                  /gpfs/main/research/java/linux/jdk1.8.0_25/lib/amd64/jli/libjli.so
7fea27a87000-7fea27c86000 ---p 00015000 00:16 100859497                  /gpfs/main/research/java/linux/jdk1.8.0_25/lib/amd64/jli/libjli.so
7fea27c86000-7fea27c87000 rw-p 00014000 00:16 100859497                  /gpfs/main/research/java/linux/jdk1.8.0_25/lib/amd64/jli/libjli.so
7fea27c87000-7fea27c9e000 r-xp 00000000 fe:00 2655                       /lib/x86_64-linux-gnu/libpthread-2.13.so
7fea27c9e000-7fea27e9d000 ---p 00017000 fe:00 2655                       /lib/x86_64-linux-gnu/libpthread-2.13.so
7fea27e9d000-7fea27e9e000 r--p 00016000 fe:00 2655                       /lib/x86_64-linux-gnu/libpthread-2.13.so
7fea27e9e000-7fea27e9f000 rw-p 00017000 fe:00 2655                       /lib/x86_64-linux-gnu/libpthread-2.13.so
7fea27e9f000-7fea27ea3000 rw-p 00000000 00:00 0 
7fea27ea3000-7fea27ec3000 r-xp 00000000 fe:00 2572                       /lib/x86_64-linux-gnu/ld-2.13.so
7fea27ec3000-7fea27ec4000 r--s 00009000 00:16 240974899                  /gpfs/main/research/java/linux/jdk1.8.0_25/jre/lib/ext/sunec.jar
7fea27ec4000-7fea27eef000 r--s 001fc000 00:15 250869732                  /gpfs/main/home/rmchandr/.m2/repository/com/google/guava/guava/18.0/guava-18.0.jar
7fea27eef000-7fea27ef0000 r--s 00001000 00:15 250869653                  /gpfs/main/home/rmchandr/.m2/repository/org/slf4j/slf4j-jdk14/1.7.7/slf4j-jdk14-1.7.7.jar
7fea27ef0000-7fea27ef2000 r--s 00006000 00:15 250869606                  /gpfs/main/home/rmchandr/.m2/repository/org/slf4j/slf4j-api/1.7.7/slf4j-api-1.7.7.jar
7fea27ef2000-7fea27ef8000 r--s 00045000 00:15 240100119                  /gpfs/main/home/rmchandr/.m2/repository/org/hamcrest/hamcrest-all/1.3/hamcrest-all-1.3.jar
7fea27ef8000-7fea27efa000 r--s 00009000 00:15 240099989                  /gpfs/main/home/rmchandr/.m2/repository/org/hamcrest/hamcrest-core/1.3/hamcrest-core-1.3.jar
7fea27efa000-7fea27f00000 r--s 00036000 00:15 250869576                  /gpfs/main/home/rmchandr/.m2/repository/junit/junit/4.11/junit-4.11.jar
7fea27f00000-7fea27f83000 rw-p 00000000 00:00 0 
7fea27f83000-7fea27f86000 ---p 00000000 00:00 0 
7fea27f86000-7fea28088000 rw-p 00000000 00:00 0 
7fea28088000-7fea28089000 r--s 00000000 00:15 207913444                  /gpfs/main/home/rmchandr/.m2/repository/com/sparkjava/spark-template-freemarker/2.0.0/spark-template-freemarker-2.0.0.jar
7fea28089000-7fea2808c000 r--s 0000d000 00:15 255839406                  /gpfs/main/home/rmchandr/.m2/repository/com/sparkjava/spark-core/2.0.0/spark-core-2.0.0.jar
7fea2808c000-7fea2808e000 r--s 0000e000 00:15 250869565                  /gpfs/main/home/rmchandr/.m2/repository/net/sf/jopt-simple/jopt-simple/4.8/jopt-simple-4.8.jar
7fea2808e000-7fea280b6000 rw-p 00000000 00:00 0 
7fea280b6000-7fea280be000 rw-s 00000000 fe:04 477                        /tmp/hsperfdata_rmchandr/20332
7fea280be000-7fea280bf000 rw-p 00000000 00:00 0 
7fea280bf000-7fea280c0000 r--p 00000000 00:00 0 
7fea280c0000-7fea280c2000 rw-p 00000000 00:00 0 
7fea280c2000-7fea280c3000 r--p 0001f000 fe:00 2572                       /lib/x86_64-linux-gnu/ld-2.13.so
7fea280c3000-7fea280c4000 rw-p 00020000 fe:00 2572                       /lib/x86_64-linux-gnu/ld-2.13.so
7fea280c4000-7fea280c5000 rw-p 00000000 00:00 0 
7fff67685000-7fff676a6000 rw-p 00000000 00:00 0                          [stack]
7fff677ff000-7fff67800000 r-xp 00000000 00:00 0                          [vdso]
ffffffffff600000-ffffffffff601000 r-xp 00000000 00:00 0                  [vsyscall]

VM Arguments:
jvm_args: -Dfile.encoding=UTF-8 
java_command: edu.brown.cs.andrew.calendar.Main --gui
java_class_path (initial): /gpfs/main/home/rmchandr/course/cs032/calendar/target/classes:/home/rmchandr/.m2/repository/net/sf/jopt-simple/jopt-simple/4.8/jopt-simple-4.8.jar:/home/rmchandr/.m2/repository/junit/junit/4.11/junit-4.11.jar:/home/rmchandr/.m2/repository/org/hamcrest/hamcrest-core/1.3/hamcrest-core-1.3.jar:/home/rmchandr/.m2/repository/org/hamcrest/hamcrest-all/1.3/hamcrest-all-1.3.jar:/home/rmchandr/.m2/repository/org/slf4j/slf4j-api/1.7.7/slf4j-api-1.7.7.jar:/home/rmchandr/.m2/repository/org/slf4j/slf4j-jdk14/1.7.7/slf4j-jdk14-1.7.7.jar:/home/rmchandr/.m2/repository/com/google/guava/guava/18.0/guava-18.0.jar:/home/rmchandr/.m2/repository/com/google/code/gson/gson/2.3.1/gson-2.3.1.jar:/home/rmchandr/.m2/repository/com/sparkjava/spark-core/2.0.0/spark-core-2.0.0.jar:/home/rmchandr/.m2/repository/org/eclipse/jetty/jetty-server/9.0.2.v20130417/jetty-server-9.0.2.v20130417.jar:/home/rmchandr/.m2/repository/org/eclipse/jetty/orbit/javax.servlet/3.0.0.v201112011016/javax.servlet-3.0.0.v201112011016.jar:/home/rmchandr/.m2/repository/org/eclipse/jetty/jetty-http/9.0.2.v20130417/jetty-http-9.0.2.v20130417.jar:/home/rmchandr/.m2/repository/org/eclipse/jetty/jetty-util/9.0.2.v20130417/jetty-util-9.0.2.v20130417.jar:/home/rmchandr/.m2/repository/org/eclipse/jetty/jetty-io/9.0.2.v20130417/jetty-io-9.0.2.v20130417.jar:/home/rmchandr/.m2/repository/org/eclipse/jetty/jetty-webapp/9.0.2.v20130417/jetty-webapp-9.0.2.v20130417.jar:/home/rmchandr/.m2/repository/org/eclipse/jetty/jetty-xml/9.0.2.v20130417/jetty-xml-9.0.2.v20130417.jar:/home/rmchandr/.m2/repository/org/eclipse/jetty/jetty-servlet/9.0.2.v20130417/jetty-servlet-9.0.2.v20130417.jar:/home/rmchandr/.m2/repository/org/eclipse/jetty/jetty-security/9.0.2.v20130417/jetty-security-9.0.2.v20130417.jar:/home/rmchandr/.m2/repository/com/sparkjava/spark-template-freemarker/2.0.0/spark-template-freemarker-2.0.0.jar:/home/rmchandr/.m2/repository/org/freemarker/freemarker/2.3.19/freemarker-2.3.19.jar:/home/rmchandr/.m2/repo
Launcher Type: SUN_STANDARD

Environment Variables:
JAVA_HOME=/course/cs032/bin/jdk1.8.0_25
JRE_HOME=/pro/java/linux/jdk1.7
PATH=/course/cs032/bin:/local/bin:/usr/local/bin:/bin:/usr/bin:/usr/X11R6/bin:/usr/games:/contrib/bin:/course/cs032/bin:/course/cs033/bin:/course/cs1971/bin
SHELL=/bin/bash
DISPLAY=localhost:10.0

Signal Handlers:
SIGSEGV: [libjvm.so+0xa79a80], sa_mask[0]=11111111011111111101111111111110, sa_flags=SA_RESTART|SA_SIGINFO
SIGBUS: [libjvm.so+0xa79a80], sa_mask[0]=11111111011111111101111111111110, sa_flags=SA_RESTART|SA_SIGINFO
SIGFPE: [libjvm.so+0x8e24e0], sa_mask[0]=11111111011111111101111111111110, sa_flags=SA_RESTART|SA_SIGINFO
SIGPIPE: [libjvm.so+0x8e24e0], sa_mask[0]=11111111011111111101111111111110, sa_flags=SA_RESTART|SA_SIGINFO
SIGXFSZ: [libjvm.so+0x8e24e0], sa_mask[0]=11111111011111111101111111111110, sa_flags=SA_RESTART|SA_SIGINFO
SIGILL: [libjvm.so+0x8e24e0], sa_mask[0]=11111111011111111101111111111110, sa_flags=SA_RESTART|SA_SIGINFO
SIGUSR1: SIG_DFL, sa_mask[0]=00000000000000000000000000000000, sa_flags=none
SIGUSR2: [libjvm.so+0x8e3d10], sa_mask[0]=00100000000000000000000000000000, sa_flags=SA_RESTART|SA_SIGINFO
SIGHUP: [libjvm.so+0x8e50d0], sa_mask[0]=11111111011111111101111111111110, sa_flags=SA_RESTART|SA_SIGINFO
SIGINT: [libjvm.so+0x8e50d0], sa_mask[0]=11111111011111111101111111111110, sa_flags=SA_RESTART|SA_SIGINFO
SIGTERM: [libjvm.so+0x8e50d0], sa_mask[0]=11111111011111111101111111111110, sa_flags=SA_RESTART|SA_SIGINFO
SIGQUIT: [libjvm.so+0x8e50d0], sa_mask[0]=11111111011111111101111111111110, sa_flags=SA_RESTART|SA_SIGINFO


---------------  S Y S T E M  ---------------

OS:PRETTY_NAME="Debian GNU/Linux 7 (wheezy)"
NAME="Debian GNU/Linux"
VERSION_ID="7"
VERSION="7 (wheezy)"
ID=debian
ANSI_COLOR="1;31"
HOME_URL="http://www.debian.org/"
SUPPORT_URL="http://www.debian.org/support/"
BUG_REPORT_URL="http://bugs.debian.org/"

uname:Linux 3.2.0-4-amd64 #1 SMP Debian 3.2.65-1+deb7u1 x86_64
libc:glibc 2.13 NPTL 2.13 
rlimit: STACK 8192k, CORE 0k, NPROC 63961, NOFILE 4096, AS infinity
load average:0.16 0.37 0.38

/proc/meminfo:
MemTotal:        8199880 kB
MemFree:          163688 kB
Buffers:          405488 kB
Cached:          4907668 kB
SwapCached:        36656 kB
Active:          4197080 kB
Inactive:        2945336 kB
Active(anon):    1543264 kB
Inactive(anon):   291432 kB
Active(file):    2653816 kB
Inactive(file):  2653904 kB
Unevictable:           0 kB
Mlocked:               0 kB
SwapTotal:       8388604 kB
SwapFree:        7892048 kB
Dirty:              1028 kB
Writeback:             0 kB
AnonPages:       1802396 kB
Mapped:           139636 kB
Shmem:              5348 kB
Slab:             780544 kB
SReclaimable:     721072 kB
SUnreclaim:        59472 kB
KernelStack:        5336 kB
PageTables:        32000 kB
NFS_Unstable:         68 kB
Bounce:                0 kB
WritebackTmp:          0 kB
CommitLimit:    12488544 kB
Committed_AS:    5131180 kB
VmallocTotal:   34359738367 kB
VmallocUsed:      332196 kB
VmallocChunk:   34359401716 kB
HardwareCorrupted:     0 kB
AnonHugePages:         0 kB
HugePages_Total:       0
HugePages_Free:        0
HugePages_Rsvd:        0
HugePages_Surp:        0
Hugepagesize:       2048 kB
DirectMap4k:     7669312 kB
DirectMap2M:      718848 kB


CPU:total 4 (4 cores per cpu, 1 threads per core) family 6 model 15 stepping 11, cmov, cx8, fxsr, mmx, sse, sse2, sse3, ssse3, tsc

/proc/cpuinfo:
processor	: 0
vendor_id	: GenuineIntel
cpu family	: 6
model		: 15
model name	: Intel(R) Core(TM)2 Quad CPU    Q6600  @ 2.40GHz
stepping	: 11
microcode	: 0xb6
cpu MHz		: 2399.955
cache size	: 4096 KB
physical id	: 0
siblings	: 4
core id		: 0
cpu cores	: 4
apicid		: 0
initial apicid	: 0
fpu		: yes
fpu_exception	: yes
cpuid level	: 10
wp		: yes
flags		: fpu vme de pse tsc msr pae mce cx8 apic sep mtrr pge mca cmov pat pse36 clflush dts acpi mmx fxsr sse sse2 ss ht tm pbe syscall nx lm constant_tsc arch_perfmon pebs bts rep_good nopl aperfmperf pni dtes64 monitor ds_cpl vmx est tm2 ssse3 cx16 xtpr pdcm lahf_lm dtherm tpr_shadow vnmi flexpriority
bogomips	: 4799.91
clflush size	: 64
cache_alignment	: 64
address sizes	: 36 bits physical, 48 bits virtual
power management:

processor	: 1
vendor_id	: GenuineIntel
cpu family	: 6
model		: 15
model name	: Intel(R) Core(TM)2 Quad CPU    Q6600  @ 2.40GHz
stepping	: 11
microcode	: 0xb6
cpu MHz		: 2399.955
cache size	: 4096 KB
physical id	: 0
siblings	: 4
core id		: 1
cpu cores	: 4
apicid		: 1
initial apicid	: 1
fpu		: yes
fpu_exception	: yes
cpuid level	: 10
wp		: yes
flags		: fpu vme de pse tsc msr pae mce cx8 apic sep mtrr pge mca cmov pat pse36 clflush dts acpi mmx fxsr sse sse2 ss ht tm pbe syscall nx lm constant_tsc arch_perfmon pebs bts rep_good nopl aperfmperf pni dtes64 monitor ds_cpl vmx est tm2 ssse3 cx16 xtpr pdcm lahf_lm dtherm tpr_shadow vnmi flexpriority
bogomips	: 4800.22
clflush size	: 64
cache_alignment	: 64
address sizes	: 36 bits physical, 48 bits virtual
power management:

processor	: 2
vendor_id	: GenuineIntel
cpu family	: 6
model		: 15
model name	: Intel(R) Core(TM)2 Quad CPU    Q6600  @ 2.40GHz
stepping	: 11
microcode	: 0xb6
cpu MHz		: 2399.955
cache size	: 4096 KB
physical id	: 0
siblings	: 4
core id		: 2
cpu cores	: 4
apicid		: 2
initial apicid	: 2
fpu		: yes
fpu_exception	: yes
cpuid level	: 10
wp		: yes
flags		: fpu vme de pse tsc msr pae mce cx8 apic sep mtrr pge mca cmov pat pse36 clflush dts acpi mmx fxsr sse sse2 ss ht tm pbe syscall nx lm constant_tsc arch_perfmon pebs bts rep_good nopl aperfmperf pni dtes64 monitor ds_cpl vmx est tm2 ssse3 cx16 xtpr pdcm lahf_lm dtherm tpr_shadow vnmi flexpriority
bogomips	: 4800.28
clflush size	: 64
cache_alignment	: 64
address sizes	: 36 bits physical, 48 bits virtual
power management:

processor	: 3
vendor_id	: GenuineIntel
cpu family	: 6
model		: 15
model name	: Intel(R) Core(TM)2 Quad CPU    Q6600  @ 2.40GHz
stepping	: 11
microcode	: 0xb6
cpu MHz		: 2399.955
cache size	: 4096 KB
physical id	: 0
siblings	: 4
core id		: 3
cpu cores	: 4
apicid		: 3
initial apicid	: 3
fpu		: yes
fpu_exception	: yes
cpuid level	: 10
wp		: yes
flags		: fpu vme de pse tsc msr pae mce cx8 apic sep mtrr pge mca cmov pat pse36 clflush dts acpi mmx fxsr sse sse2 ss ht tm pbe syscall nx lm constant_tsc arch_perfmon pebs bts rep_good nopl aperfmperf pni dtes64 monitor ds_cpl vmx est tm2 ssse3 cx16 xtpr pdcm lahf_lm dtherm tpr_shadow vnmi flexpriority
bogomips	: 4800.27
clflush size	: 64
cache_alignment	: 64
address sizes	: 36 bits physical, 48 bits virtual
power management:



Memory: 4k page, physical 8199880k(163688k free), swap 8388604k(7892048k free)

vm_info: Java HotSpot(TM) 64-Bit Server VM (25.25-b02) for linux-amd64 JRE (1.8.0_25-b17), built on Sep 17 2014 17:32:11 by "java_re" with gcc 4.3.0 20080428 (Red Hat 4.3.0-8)

time: Mon Apr 27 16:13:24 2015
elapsed time: 14 seconds (0d 0h 0m 14s)

